# JRE version: OpenJDK Runtime Environment (8.0_152-b02) (build 1.8.0_152-release-1024-b02)
# Java VM: OpenJDK 64-Bit Server VM (25.152-b02 mixed mode windows-amd64 compressed oops)
Heap:
 PSYoungGen      total 467968K, used 235892K [0x00000000e0000000, 0x0000000100000000, 0x0000000100000000)
  eden space 418816K, 56% used [0x00000000e0000000,0x00000000ee635388,0x00000000f9900000)
  from space 49152K, 0% used [0x00000000f9900000,0x00000000f9928000,0x00000000fc900000)
  to   space 49152K, 0% used [0x00000000fd000000,0x00000000fd000000,0x0000000100000000)
 ParOldGen       total 231936K, used 143123K [0x00000000a0000000, 0x00000000ae280000, 0x00000000e0000000)
  object space 231936K, 61% used [0x00000000a0000000,0x00000000a8bc4c38,0x00000000ae280000)
 Metaspace       used 81047K, capacity 85300K, committed 85504K, reserved 1124352K
  class space    used 10359K, capacity 11164K, committed 11264K, reserved 1048576K
GC Heap History (10 events):
Event: 2200.227 GC heap before
{Heap before GC invocations=27 (full 4):
 PSYoungGen      total 421376K, used 397476K [0x00000000e0000000, 0x0000000100000000, 0x0000000100000000)
  eden space 397824K, 99% used [0x00000000e0000000,0x00000000f8429008,0x00000000f8480000)
  from space 23552K, 0% used [0x00000000fbd80000,0x00000000fbd80000,0x00000000fd480000)
  to   space 58368K, 0% used [0x00000000f8480000,0x00000000f8480000,0x00000000fbd80000)
 ParOldGen       total 231936K, used 141984K [0x00000000a0000000, 0x00000000ae280000, 0x00000000e0000000)
  object space 231936K, 61% used [0x00000000a0000000,0x00000000a8aa8258,0x00000000ae280000)
 Metaspace       used 79718K, capacity 83202K, committed 84096K, reserved 1122304K
  class space    used 10223K, capacity 10923K, committed 11136K, reserved 1048576K
Event: 2200.236 GC heap after
Heap after GC invocations=27 (full 4):
 PSYoungGen      total 456192K, used 8918K [0x00000000e0000000, 0x0000000100000000, 0x0000000100000000)
  eden space 397824K, 0% used [0x00000000e0000000,0x00000000e0000000,0x00000000f8480000)
  from space 58368K, 15% used [0x00000000f8480000,0x00000000f8d35a00,0x00000000fbd80000)
  to   space 56320K, 0% used [0x00000000fc900000,0x00000000fc900000,0x0000000100000000)
 ParOldGen       total 231936K, used 141984K [0x00000000a0000000, 0x00000000ae280000, 0x00000000e0000000)
  object space 231936K, 61% used [0x00000000a0000000,0x00000000a8aa8258,0x00000000ae280000)
 Metaspace       used 79718K, capacity 83202K, committed 84096K, reserved 1122304K
  class space    used 10223K, capacity 10923K, committed 11136K, reserved 1048576K
}
Event: 2350.523 GC heap before
{Heap before GC invocations=28 (full 4):
 PSYoungGen      total 456192K, used 406334K [0x00000000e0000000, 0x0000000100000000, 0x0000000100000000)
  eden space 397824K, 99% used [0x00000000e0000000,0x00000000f8419f38,0x00000000f8480000)
  from space 58368K, 15% used [0x00000000f8480000,0x00000000f8d35a00,0x00000000fbd80000)
  to   space 56320K, 0% used [0x00000000fc900000,0x00000000fc900000,0x0000000100000000)
 ParOldGen       total 231936K, used 141984K [0x00000000a0000000, 0x00000000ae280000, 0x00000000e0000000)
  object space 231936K, 61% used [0x00000000a0000000,0x00000000a8aa8258,0x00000000ae280000)
 Metaspace       used 80488K, capacity 84756K, committed 84992K, reserved 1122304K
  class space    used 10350K, capacity 11150K, committed 11264K, reserved 1048576K
Event: 2350.541 GC heap after
Heap after GC invocations=28 (full 4):
 PSYoungGen      total 457728K, used 16109K [0x00000000e0000000, 0x00000000ff800000, 0x0000000100000000)
  eden space 409600K, 0% used [0x00000000e0000000,0x00000000e0000000,0x00000000f9000000)
  from space 48128K, 33% used [0x00000000fc900000,0x00000000fd8bb570,0x00000000ff800000)
  to   space 53248K, 0% used [0x00000000f9000000,0x00000000f9000000,0x00000000fc400000)
 ParOldGen       total 231936K, used 142104K [0x00000000a0000000, 0x00000000ae280000, 0x00000000e0000000)
  object space 231936K, 61% used [0x00000000a0000000,0x00000000a8ac6278,0x00000000ae280000)
 Metaspace       used 80488K, capacity 84756K, committed 84992K, reserved 1122304K
  class space    used 10350K, capacity 11150K, committed 11264K, reserved 1048576K
}
Event: 2350.655 GC heap before
{Heap before GC invocations=29 (full 4):
 PSYoungGen      total 457728K, used 425384K [0x00000000e0000000, 0x00000000ff800000, 0x0000000100000000)
  eden space 409600K, 99% used [0x00000000e0000000,0x00000000f8faeda0,0x00000000f9000000)
  from space 48128K, 33% used [0x00000000fc900000,0x00000000fd8bb570,0x00000000ff800000)
  to   space 53248K, 0% used [0x00000000f9000000,0x00000000f9000000,0x00000000fc400000)
 ParOldGen       total 231936K, used 142104K [0x00000000a0000000, 0x00000000ae280000, 0x00000000e0000000)
  object space 231936K, 61% used [0x00000000a0000000,0x00000000a8ac6278,0x00000000ae280000)
 Metaspace       used 80488K, capacity 84756K, committed 84992K, reserved 1122304K
  class space    used 10350K, capacity 11150K, committed 11264K, reserved 1048576K
Event: 2350.664 GC heap after
Heap after GC invocations=29 (full 4):
 PSYoungGen      total 462848K, used 7540K [0x00000000e0000000, 0x0000000100000000, 0x0000000100000000)
  eden space 409600K, 0% used [0x00000000e0000000,0x00000000e0000000,0x00000000f9000000)
  from space 53248K, 14% used [0x00000000f9000000,0x00000000f975d3d0,0x00000000fc400000)
  to   space 52224K, 0% used [0x00000000fcd00000,0x00000000fcd00000,0x0000000100000000)
 ParOldGen       total 231936K, used 142104K [0x00000000a0000000, 0x00000000ae280000, 0x00000000e0000000)
  object space 231936K, 61% used [0x00000000a0000000,0x00000000a8ac6278,0x00000000ae280000)
 Metaspace       used 80488K, capacity 84756K, committed 84992K, reserved 1122304K
  class space    used 10350K, capacity 11150K, committed 11264K, reserved 1048576K
}
Event: 2939.502 GC heap before
{Heap before GC invocations=30 (full 4):
 PSYoungGen      total 462848K, used 416164K [0x00000000e0000000, 0x0000000100000000, 0x0000000100000000)
  eden space 409600K, 99% used [0x00000000e0000000,0x00000000f8f0be38,0x00000000f9000000)
  from space 53248K, 14% used [0x00000000f9000000,0x00000000f975d3d0,0x00000000fc400000)
  to   space 52224K, 0% used [0x00000000fcd00000,0x00000000fcd00000,0x0000000100000000)
 ParOldGen       total 231936K, used 142104K [0x00000000a0000000, 0x00000000ae280000, 0x00000000e0000000)
  object space 231936K, 61% used [0x00000000a0000000,0x00000000a8ac6278,0x00000000ae280000)
 Metaspace       used 80654K, capacity 84928K, committed 85248K, reserved 1124352K
  class space    used 10353K, capacity 11156K, committed 11264K, reserved 1048576K
Event: 2939.585 GC heap after
Heap after GC invocations=30 (full 4):
 PSYoungGen      total 463872K, used 14595K [0x00000000e0000000, 0x00000000ff900000, 0x0000000100000000)
  eden space 418816K, 0% used [0x00000000e0000000,0x00000000e0000000,0x00000000f9900000)
  from space 45056K, 32% used [0x00000000fcd00000,0x00000000fdb40fc0,0x00000000ff900000)
  to   space 49152K, 0% used [0x00000000f9900000,0x00000000f9900000,0x00000000fc900000)
 ParOldGen       total 231936K, used 142902K [0x00000000a0000000, 0x00000000ae280000, 0x00000000e0000000)
  object space 231936K, 61% used [0x00000000a0000000,0x00000000a8b8dbd8,0x00000000ae280000)
 Metaspace       used 80654K, capacity 84928K, committed 85248K, reserved 1124352K
  class space    used 10353K, capacity 11156K, committed 11264K, reserved 1048576K
}
Event: 3111.456 GC heap before
{Heap before GC invocations=31 (full 4):
 PSYoungGen      total 463872K, used 433411K [0x00000000e0000000, 0x00000000ff900000, 0x0000000100000000)
  eden space 418816K, 100% used [0x00000000e0000000,0x00000000f9900000,0x00000000f9900000)
  from space 45056K, 32% used [0x00000000fcd00000,0x00000000fdb40fc0,0x00000000ff900000)
  to   space 49152K, 0% used [0x00000000f9900000,0x00000000f9900000,0x00000000fc900000)
 ParOldGen       total 231936K, used 142902K [0x00000000a0000000, 0x00000000ae280000, 0x00000000e0000000)
  object space 231936K, 61% used [0x00000000a0000000,0x00000000a8b8dbd8,0x00000000ae280000)
 Metaspace       used 80669K, capacity 84940K, committed 85248K, reserved 1124352K
  class space    used 10354K, capacity 11158K, committed 11264K, reserved 1048576K
Event: 3111.497 GC heap after
Heap after GC invocations=31 (full 4):
 PSYoungGen      total 467968K, used 160K [0x00000000e0000000, 0x0000000100000000, 0x0000000100000000)
  eden space 418816K, 0% used [0x00000000e0000000,0x00000000e0000000,0x00000000f9900000)
  from space 49152K, 0% used [0x00000000f9900000,0x00000000f9928000,0x00000000fc900000)
  to   space 49152K, 0% used [0x00000000fd000000,0x00000000fd000000,0x0000000100000000)
 ParOldGen       total 231936K, used 143123K [0x00000000a0000000, 0x00000000ae280000, 0x00000000e0000000)
  object space 231936K, 61% used [0x00000000a0000000,0x00000000a8bc4c38,0x00000000ae280000)
 Metaspace       used 80669K, capacity 84940K, committed 85248K, reserved 1124352K
  class space    used 10354K, capacity 11158K, committed 11264K, reserved 1048576K
}

