# JRE version: OpenJDK Runtime Environment (8.0_152-b02) (build 1.8.0_152-release-1024-b02)
# Java VM: OpenJDK 64-Bit Server VM (25.152-b02 mixed mode windows-amd64 compressed oops)
Heap:
 PSYoungGen      total 90624K, used 71653K [0x00000000e0000000, 0x00000000e6300000, 0x0000000100000000)
  eden space 81920K, 79% used [0x00000000e0000000,0x00000000e3f860b8,0x00000000e5000000)
  from space 8704K, 75% used [0x00000000e5a80000,0x00000000e60f36b8,0x00000000e6300000)
  to   space 9728K, 0% used [0x00000000e5000000,0x00000000e5000000,0x00000000e5980000)
 ParOldGen       total 32768K, used 16121K [0x00000000a0000000, 0x00000000a2000000, 0x00000000e0000000)
  object space 32768K, 49% used [0x00000000a0000000,0x00000000a0fbe710,0x00000000a2000000)
 Metaspace       used 41026K, capacity 42016K, committed 42112K, reserved 1085440K
  class space    used 5607K, capacity 5955K, committed 6016K, reserved 1048576K
GC Heap History (10 events):
Event: 15.060 GC heap before
{Heap before GC invocations=10 (full 1):
 PSYoungGen      total 71168K, used 64512K [0x00000000e0000000, 0x00000000e4d00000, 0x0000000100000000)
  eden space 64512K, 100% used [0x00000000e0000000,0x00000000e3f00000,0x00000000e3f00000)
  from space 6656K, 0% used [0x00000000e4680000,0x00000000e4680000,0x00000000e4d00000)
  to   space 7168K, 0% used [0x00000000e3f00000,0x00000000e3f00000,0x00000000e4600000)
 ParOldGen       total 32768K, used 7139K [0x00000000a0000000, 0x00000000a2000000, 0x00000000e0000000)
  object space 32768K, 21% used [0x00000000a0000000,0x00000000a06f8c00,0x00000000a2000000)
 Metaspace       used 26538K, capacity 26992K, committed 27136K, reserved 1073152K
  class space    used 3657K, capacity 3829K, committed 3840K, reserved 1048576K
Event: 15.096 GC heap after
Heap after GC invocations=10 (full 1):
 PSYoungGen      total 71680K, used 7164K [0x00000000e0000000, 0x00000000e4d00000, 0x0000000100000000)
  eden space 64512K, 0% used [0x00000000e0000000,0x00000000e0000000,0x00000000e3f00000)
  from space 7168K, 99% used [0x00000000e3f00000,0x00000000e45ff098,0x00000000e4600000)
  to   space 6656K, 0% used [0x00000000e4680000,0x00000000e4680000,0x00000000e4d00000)
 ParOldGen       total 32768K, used 7202K [0x00000000a0000000, 0x00000000a2000000, 0x00000000e0000000)
  object space 32768K, 21% used [0x00000000a0000000,0x00000000a0708a88,0x00000000a2000000)
 Metaspace       used 26538K, capacity 26992K, committed 27136K, reserved 1073152K
  class space    used 3657K, capacity 3829K, committed 3840K, reserved 1048576K
}
Event: 18.859 GC heap before
{Heap before GC invocations=11 (full 1):
 PSYoungGen      total 71680K, used 71676K [0x00000000e0000000, 0x00000000e4d00000, 0x0000000100000000)
  eden space 64512K, 100% used [0x00000000e0000000,0x00000000e3f00000,0x00000000e3f00000)
  from space 7168K, 99% used [0x00000000e3f00000,0x00000000e45ff098,0x00000000e4600000)
  to   space 6656K, 0% used [0x00000000e4680000,0x00000000e4680000,0x00000000e4d00000)
 ParOldGen       total 32768K, used 7202K [0x00000000a0000000, 0x00000000a2000000, 0x00000000e0000000)
  object space 32768K, 21% used [0x00000000a0000000,0x00000000a0708a88,0x00000000a2000000)
 Metaspace       used 29991K, capacity 30718K, committed 30848K, reserved 1075200K
  class space    used 4204K, capacity 4450K, committed 4480K, reserved 1048576K
Event: 18.890 GC heap after
Heap after GC invocations=11 (full 1):
 PSYoungGen      total 69120K, used 6635K [0x00000000e0000000, 0x00000000e6700000, 0x0000000100000000)
  eden space 62464K, 0% used [0x00000000e0000000,0x00000000e0000000,0x00000000e3d00000)
  from space 6656K, 99% used [0x00000000e4680000,0x00000000e4cfac48,0x00000000e4d00000)
  to   space 9728K, 0% used [0x00000000e3d00000,0x00000000e3d00000,0x00000000e4680000)
 ParOldGen       total 32768K, used 9863K [0x00000000a0000000, 0x00000000a2000000, 0x00000000e0000000)
  object space 32768K, 30% used [0x00000000a0000000,0x00000000a09a1e48,0x00000000a2000000)
 Metaspace       used 29991K, capacity 30718K, committed 30848K, reserved 1075200K
  class space    used 4204K, capacity 4450K, committed 4480K, reserved 1048576K
}
Event: 20.129 GC heap before
{Heap before GC invocations=12 (full 1):
 PSYoungGen      total 69120K, used 32086K [0x00000000e0000000, 0x00000000e6700000, 0x0000000100000000)
  eden space 62464K, 40% used [0x00000000e0000000,0x00000000e18dadc8,0x00000000e3d00000)
  from space 6656K, 99% used [0x00000000e4680000,0x00000000e4cfac48,0x00000000e4d00000)
  to   space 9728K, 0% used [0x00000000e3d00000,0x00000000e3d00000,0x00000000e4680000)
 ParOldGen       total 32768K, used 9863K [0x00000000a0000000, 0x00000000a2000000, 0x00000000e0000000)
  object space 32768K, 30% used [0x00000000a0000000,0x00000000a09a1e48,0x00000000a2000000)
 Metaspace       used 34552K, capacity 35318K, committed 35416K, reserved 1079296K
  class space    used 4772K, capacity 5053K, committed 5120K, reserved 1048576K
Event: 20.149 GC heap after
Heap after GC invocations=12 (full 1):
 PSYoungGen      total 72192K, used 3852K [0x00000000e0000000, 0x00000000e6380000, 0x0000000100000000)
  eden space 62464K, 0% used [0x00000000e0000000,0x00000000e0000000,0x00000000e3d00000)
  from space 9728K, 39% used [0x00000000e3d00000,0x00000000e40c3118,0x00000000e4680000)
  to   space 9216K, 0% used [0x00000000e5a80000,0x00000000e5a80000,0x00000000e6380000)
 ParOldGen       total 32768K, used 15800K [0x00000000a0000000, 0x00000000a2000000, 0x00000000e0000000)
  object space 32768K, 48% used [0x00000000a0000000,0x00000000a0f6e228,0x00000000a2000000)
 Metaspace       used 34552K, capacity 35318K, committed 35416K, reserved 1079296K
  class space    used 4772K, capacity 5053K, committed 5120K, reserved 1048576K
}
Event: 20.149 GC heap before
{Heap before GC invocations=13 (full 2):
 PSYoungGen      total 72192K, used 3852K [0x00000000e0000000, 0x00000000e6380000, 0x0000000100000000)
  eden space 62464K, 0% used [0x00000000e0000000,0x00000000e0000000,0x00000000e3d00000)
  from space 9728K, 39% used [0x00000000e3d00000,0x00000000e40c3118,0x00000000e4680000)
  to   space 9216K, 0% used [0x00000000e5a80000,0x00000000e5a80000,0x00000000e6380000)
 ParOldGen       total 32768K, used 15800K [0x00000000a0000000, 0x00000000a2000000, 0x00000000e0000000)
  object space 32768K, 48% used [0x00000000a0000000,0x00000000a0f6e228,0x00000000a2000000)
 Metaspace       used 34552K, capacity 35318K, committed 35416K, reserved 1079296K
  class space    used 4772K, capacity 5053K, committed 5120K, reserved 1048576K
Event: 20.297 GC heap after
Heap after GC invocations=13 (full 2):
 PSYoungGen      total 72192K, used 0K [0x00000000e0000000, 0x00000000e6380000, 0x0000000100000000)
  eden space 62464K, 0% used [0x00000000e0000000,0x00000000e0000000,0x00000000e3d00000)
  from space 9728K, 0% used [0x00000000e3d00000,0x00000000e3d00000,0x00000000e4680000)
  to   space 9216K, 0% used [0x00000000e5a80000,0x00000000e5a80000,0x00000000e6380000)
 ParOldGen       total 32768K, used 16113K [0x00000000a0000000, 0x00000000a2000000, 0x00000000e0000000)
  object space 32768K, 49% used [0x00000000a0000000,0x00000000a0fbc710,0x00000000a2000000)
 Metaspace       used 34552K, capacity 35318K, committed 35416K, reserved 1079296K
  class space    used 4772K, capacity 5053K, committed 5120K, reserved 1048576K
}
Event: 22.363 GC heap before
{Heap before GC invocations=14 (full 2):
 PSYoungGen      total 72192K, used 62201K [0x00000000e0000000, 0x00000000e6380000, 0x0000000100000000)
  eden space 62464K, 99% used [0x00000000e0000000,0x00000000e3cbe740,0x00000000e3d00000)
  from space 9728K, 0% used [0x00000000e3d00000,0x00000000e3d00000,0x00000000e4680000)
  to   space 9216K, 0% used [0x00000000e5a80000,0x00000000e5a80000,0x00000000e6380000)
 ParOldGen       total 32768K, used 16113K [0x00000000a0000000, 0x00000000a2000000, 0x00000000e0000000)
  object space 32768K, 49% used [0x00000000a0000000,0x00000000a0fbc710,0x00000000a2000000)
 Metaspace       used 37992K, capacity 38876K, committed 39040K, reserved 1083392K
  class space    used 5194K, capacity 5492K, committed 5504K, reserved 1048576K
Event: 22.390 GC heap after
Heap after GC invocations=14 (full 2):
 PSYoungGen      total 90624K, used 6605K [0x00000000e0000000, 0x00000000e6300000, 0x0000000100000000)
  eden space 81920K, 0% used [0x00000000e0000000,0x00000000e0000000,0x00000000e5000000)
  from space 8704K, 75% used [0x00000000e5a80000,0x00000000e60f36b8,0x00000000e6300000)
  to   space 9728K, 0% used [0x00000000e5000000,0x00000000e5000000,0x00000000e5980000)
 ParOldGen       total 32768K, used 16121K [0x00000000a0000000, 0x00000000a2000000, 0x00000000e0000000)
  object space 32768K, 49% used [0x00000000a0000000,0x00000000a0fbe710,0x00000000a2000000)
 Metaspace       used 37992K, capacity 38876K, committed 39040K, reserved 1083392K
  class space    used 5194K, capacity 5492K, committed 5504K, reserved 1048576K
}

